db_0066_555a6614.pbm "ff"
db_0074_555a6616.pbm "tt"
db_0072_555a6617.pbm "rt"
db_0050_555a6619.pbm P
db_0027_555a661e.pbm "'h"
db_0027_555a6625.pbm "'."
db_0072_555a6629.pbm "rf"
db_0043_555abae3.pbm C
db_006f_555abae5.pbm o
db_006d_555abae6.pbm m
db_0065_555abae7.pbm e
db_0074_555abae8.pbm t
db_0068_555abaea.pbm h
db_0069_555abaeb.pbm i
db_0073_555abaec.pbm s
db_0072_555abaed.pbm r
db_0021_555abaef.pbm 0021
db_0061_555abaf6.pbm a
db_006e_555abaf8.pbm n
db_0064_555abaf9.pbm d
db_0077_555abafa.pbm w
db_0067_555abafb.pbm g
db_0076_555abafc.pbm v
db_0027_555abafe.pbm 0027
db_0066_555abb00.pbm f
db_0062_555abb01.pbm b
db_0063_555abb02.pbm c
db_0079_555abb03.pbm y
db_0075_555abb05.pbm u
db_0042_555abb06.pbm B
db_003a_555abb08.pbm 003a
db_003f_555abb09.pbm 003f
db_0054_555abb0a.pbm T
db_004f_555abb0d.pbm O
db_006b_555abb0e.pbm k
db_0053_555abb10.pbm S
db_006a_555abb12.pbm j
db_0070_555abb14.pbm p
db_002e_555abb15.pbm 002e
db_0041_555abb18.pbm A
db_0057_555abb19.pbm W
db_0044_555abb1c.pbm D
db_0078_555abb1e.pbm x
db_004e_555abb21.pbm N
db_0072_555abb24.pbm "ry"
db_0048_555abb26.pbm H
db_004d_555abb28.pbm M
db_0045_555abb29.pbm E
db_007a_555abb2a.pbm z
db_004c_555abb2d.pbm L
db_0047_555abb2e.pbm G
db_0079_555abb30.pbm "yf"
db_0074_555abb32.pbm "ty"
db_0072_555abb34.pbm "rw"
db_0046_555abb35.pbm F
db_0071_555abb37.pbm q
db_0059_555abb39.pbm Y
db_002d_555abb3c.pbm 002d
db_002e_555abb41.pbm ".."
db_0066_555abb43.pbm "ft"
db_0052_555abb44.pbm R
db_004a_555abb48.pbm J
db_0027_555abb4b.pbm "'s"
db_0056_555abb4d.pbm V
db_0055_555abb50.pbm U
db_0074_555abb53.pbm "tw"
db_0074_555abb56.pbm "tf"
db_0022_555abb5a.pbm 0022
db_0066_555abb5c.pbm "ft"
db_0027_555abb60.pbm "'T"
db_0027_555abb65.pbm "'l"
db_0051_555abb6c.pbm Q
db_0077_555abb6f.pbm "wf"
db_002c_555abb74.pbm ",'"
db_0066_555abb7b.pbm "f'"
db_003b_555abb7e.pbm 003b
db_002d_555abe1b.pbm 002d
db_00fc_555abe78.pbm 00fc
db_005a_555abe7a.pbm Z
db_00df_555abe7c.pbm 00df
db_00f6_555abe7f.pbm 00f6
db_00e4_555abe82.pbm 00e4
db_004b_555abe85.pbm K
db_00da_555abe8a.pbm 00da
db_0066_555abedd.pbm "fft"
db_00c4_555abee7.pbm 00c4
db_0072_555abeec.pbm "rft"
db_0027_555abef3.pbm "'."
db_00e8_555ac488.pbm 00e8
db_0153_555ac48b.pbm 0153
db_00d4_555ac497.pbm 00d4
db_00e0_555ac499.pbm 00e0
db_00f9_555ac49b.pbm 00f9
db_00ea_555ac49e.pbm 00ea
db_006a_555ac4a0.pbm j
db_00e7_555ac4a4.pbm 00e7
db_00fb_555ac4a7.pbm 00fb
db_0027_555ac4ac.pbm "'a"
db_0027_555ac4af.pbm "'e"
db_00ee_555ac4b3.pbm 00ee
db_00e2_555ac4b7.pbm 00e2
db_00f4_555ac4ba.pbm 00f4
db_0027_555ac4c4.pbm "'é"
db_006a_555ac4d2.pbm j
db_003c_555ac550.pbm 003c
db_003c_555ac553.pbm 003c
db_003e_555ac555.pbm 003e
db_003e_555ac556.pbm 003e
db_0072_555ac55c.pbm "rty"
db_00a1_555ac64a.pbm 00a1
db_00e1_555ac64d.pbm 00e1
db_00bf_555ac650.pbm 00bf
db_00f3_555ac654.pbm 00f3
db_00f1_555ac657.pbm 00f1
db_00ed_555ac65a.pbm 00ed
db_003f_555ac65e.pbm 003f
db_00fa_555ac660.pbm 00fa
db_00a1_555ac674.pbm 00a1
db_00c9_555ac67e.pbm 00c9
db_00ec_555b8955.pbm 00ec
db_00f2_555b8959.pbm 00f2
db_0028_555b8964.pbm 0028
db_0029_555b8967.pbm 0029
db_0066_555b9482.pbm "fî"
db_00ef_555b948e.pbm 00ef
db_0027_555b9497.pbm "'o"
db_006a_555b94a4.pbm j
db_0066_555b96ae.pbm "fí"
db_00c1_555b9f2a.pbm 00c1
db_002e_555b9f32.pbm ".'"
db_0021_555ba270.pbm 0021
db_0056_555bb570.pbm V
db_006f_555bb572.pbm o
db_006b_555bb574.pbm k
db_004a_555bb576.pbm J
db_0075_555bb577.pbm u
db_0064_555bb578.pbm d
db_0061_555bb57a.pbm a
db_0073_555bb57b.pbm s
db_002c_555bb57c.pbm 002c
db_0065_555bb57e.pbm e
db_0069_555bb57f.pbm i
db_0063_555bb580.pbm c
db_0068_555bb581.pbm h
db_006e_555bb583.pbm n
db_0054_555bb584.pbm T
db_0072_555bb589.pbm r
db_0067_555bb58a.pbm g
db_0077_555bb58b.pbm w
db_00e4_555bb58e.pbm 00e4
db_0044_555bb58f.pbm D
db_0047_555bb590.pbm G
db_0074_555bb592.pbm t
db_00df_555bb594.pbm 00df
db_0041_555bb595.pbm A
db_0079_555bb596.pbm y
db_00f6_555bb598.pbm 00f6
db_00fc_555bb59c.pbm 00fc
db_0062_555bb59e.pbm b
db_0072_555bb5a0.pbm "rf"
db_0042_555bb5a2.pbm B
db_0072_555bb5a4.pbm "rt"
db_006d_555bb5a5.pbm m
db_0048_555bb5a7.pbm H
db_004d_555bb5a8.pbm M
db_007a_555bb5aa.pbm z
db_0053_555bb5ab.pbm S
db_0070_555bb5ac.pbm p
db_0076_555bb5ae.pbm v
db_004c_555bb5af.pbm L
db_0066_555bb5b0.pbm f
db_0046_555bb5b2.pbm F
db_0057_555bb5b3.pbm W
db_0052_555bb5b5.pbm R
db_003a_555bb5b7.pbm 003a
db_0022_555bb5b9.pbm 0022
db_003f_555bb5bb.pbm 003f
db_004b_555bb5be.pbm K
db_004f_555bb5bf.pbm O
db_005a_555bb5c1.pbm Z
db_0045_555bb5c3.pbm E
db_0050_555bb5c6.pbm P
db_0021_555bb5c8.pbm 0021
db_004e_555bb5ca.pbm N
db_006a_555bb5cc.pbm j
db_002e_555bb5d0.pbm ".."
db_0055_555bb5d2.pbm U
db_0066_555bb5d4.pbm "ft"
db_0066_555bb5d6.pbm "ff"
db_006b_555bb5d9.pbm "kt"
db_0072_555bb5df.pbm "rw"
db_002d_555bb5e8.pbm 002d
db_0072_555bb5ed.pbm "rft"
db_0078_555bb5fc.pbm x
db_0051_555bb8ac.pbm Q
db_00e1_555bb8ae.pbm 00e1
db_0043_555bb8b0.pbm C
db_00ed_555bb8b2.pbm 00ed
db_00e9_555bb8b4.pbm 00e9
db_00f3_555bb8b6.pbm 00f3
db_00f1_555bb8ba.pbm 00f1
db_0071_555bb8bb.pbm q
db_00fa_555bb8be.pbm 00fa
db_00bf_555bb8c2.pbm 00bf
db_0078_555bb8c7.pbm "xt"
db_0072_555bb8cb.pbm "rv"
db_0059_555bb8cf.pbm Y
db_003b_555bb8e4.pbm 003b
db_003f_555bb908.pbm 003f
db_00bf_555bb90e.pbm 00bf
db_00ea_555bbcdc.pbm 00ea
db_00e8_555bbcde.pbm 00e8
db_00ee_555bbce1.pbm 00ee
db_00e2_555bbce4.pbm 00e2
db_003c_555bbce9.pbm 003c
db_00eb_555bbceb.pbm 00eb
db_003e_555bbced.pbm 003e
db_00f4_555bbcef.pbm 00f4
db_0027_555bbcf2.pbm "'a"
db_00ef_555bbcf7.pbm 00ef
db_0153_555bbcfc.pbm 0153
db_0027_555bbd03.pbm "'e"
db_00fb_555bbd07.pbm 00fb
db_00f9_555bbd15.pbm 00f9
db_00f2_555bc0fb.pbm 00f2
db_00ec_555bc101.pbm 00ec
db_0027_555bc113.pbm "'o"
db_0046_555bc12b.pbm F
db_0065_555bc12d.pbm e
db_006e_555bc12e.pbm n
db_0061_555bc130.pbm a
db_0021_555bc131.pbm 0021
db_0061_555bc134.pbm a
db_006d_555bc136.pbm m
db_006f_555bc138.pbm o
db_0072_555bc13a.pbm "rt"
db_0027_555bc140.pbm "',"
db_00f5_555bc1ab.pbm 00f5
db_00e7_555bc1ae.pbm 00e7
db_00e3_555bc1b0.pbm 00e3
db_0072_555bc498.pbm "ry"
db_0066_555bc49c.pbm "fy"
db_0027_555bc49f.pbm "'t"
db_0072_555bc4a8.pbm "ryt"
db_0072_555bc4af.pbm "ryw"
db_006b_555bc4b4.pbm "ky"
db_0079_555bc4bc.pbm "yf"
db_0027_555bc4be.pbm "'r"
db_0027_555bc4c3.pbm "'l"
db_0041_555bdcac.pbm A
db_0068_555bdcae.pbm h
db_006e_555bdcaf.pbm n
db_0061_555bdcb0.pbm a
db_006c_555bdcb2.pbm l
db_006d_555bdcb3.pbm m
db_0065_555bdcb4.pbm e
db_004e_555bdcb5.pbm N
db_006f_555bdcb7.pbm o
db_0073_555bdcb8.pbm s
db_0076_555bdcb9.pbm v
db_0064_555bdcba.pbm d
db_0063_555bdcbb.pbm c
db_0062_555bdcbd.pbm b
db_0067_555bdcbe.pbm g
db_0022_555bdcbf.pbm 0022
db_004d_555bdcc2.pbm M
db_002c_555bdcc4.pbm 002c
db_0045_555bdcc6.pbm E
db_004f_555bdcc7.pbm O
db_00e8_555bdccb.pbm 00e8
db_007a_555bdccc.pbm z
db_0075_555bdcce.pbm u
db_0053_555bdccf.pbm S
db_003f_555bdcd1.pbm 003f
db_0043_555bdcd2.pbm C
db_0044_555bdcd3.pbm D
db_0056_555bdcd5.pbm V
db_002e_555bdcdc.pbm ".'"
db_0052_555bdcdd.pbm R
db_0071_555bdcdf.pbm q
db_00ec_555bdce3.pbm 00ec
db_002e_555bdce5.pbm ".."
db_0072_555bdce8.pbm "rt"
db_0047_555bdcec.pbm G
db_00e0_555bdcf5.pbm 00e0
db_0050_555bdcf7.pbm P
db_0042_555bdcf9.pbm B
db_0027_555bdcff.pbm "'h"
db_0055_555bdd02.pbm U
db_00e9_555bdd06.pbm 00e9
db_0051_555bdd08.pbm Q
db_0048_555bdd09.pbm H
db_00e1_555bdd0c.pbm "'a"
db_00f2_555bdd2d.pbm 00f2
db_00f9_555bdd31.pbm 00f9
db_0027_555bdd3b.pbm "',"
db_0027_555bdd43.pbm "'è"
db_004a_555bdd4f.pbm J
db_006a_555bdd57.pbm j
db_0027_555bdd65.pbm "'u"
db_0078_555bdd7d.pbm x
db_0027_555bdd86.pbm "'o"
db_0027_555bdd9f.pbm "'e"
db_0027_555be735.pbm "'t"
db_0072_555be745.pbm "rw"
db_00e7_555be9dc.pbm 00e7
db_0027_555be9e2.pbm "'é"
db_0027_556a1e6e.pbm "'!"
db_0027_556a1e72.pbm "'n"
db_0072_556a1e78.pbm "rf'"
db_0079_556a1e82.pbm "yt"
db_0074_556a1ef0.pbm "tty"
db_0027_556a1ef2.pbm "'b"
db_0077_556a1ef6.pbm "wy"
db_0066_556a1ef8.pbm "fy"
db_0079_556a1efc.pbm "yw"
db_0072_556a1f0c.pbm "ryw"
db_0027_556a25b8.pbm "'y"
db_005f_556a3044.pbm 005f
db_005f_55748e83.pbm 005f
db_005f_55748e86.pbm 005f
db_005f_55748e87.pbm 005f
db_005f_55748e88.pbm 005f
db_005f_55748e8c.pbm 005f
db_005f_55748e8c.pbm 005f
db_005f_55748e8e.pbm 005f
db_005f_55748e8f.pbm 005f
db_005f_55748e90.pbm 005f
db_005f_55748e91.pbm 005f
db_005f_55748e92.pbm 005f
db_005f_55748e93.pbm 005f
db_005f_55748e93.pbm 005f
db_005f_55748e95.pbm 005f
db_005f_55748e96.pbm 005f
db_005f_55748e97.pbm 005f
db_005f_55748e99.pbm 005f
db_005f_55748e9a.pbm 005f
db_005f_55748e9c.pbm 005f
db_005f_55748e9f.pbm 005f
db_005f_55748ea0.pbm 005f
db_005f_55748ea3.pbm 005f
db_005f_55748ea5.pbm 005f
db_005f_55748ea7.pbm 005f
db_005f_55748ea8.pbm 005f
db_005f_55748ea9.pbm 005f
db_005f_55748eac.pbm 005f
db_005f_55748eb1.pbm 005f
db_005f_55748eb2.pbm 005f
db_005f_55748eb9.pbm 005f
db_005f_55748ec0.pbm 005f
db_0068_55749252.pbm h
db_0077_55749253.pbm w
db_0062_55749255.pbm b
db_0062_55749256.pbm b
db_0068_55749258.pbm h
db_0077_55749259.pbm w
db_0070_5574925a.pbm p
db_0068_5574925c.pbm h
db_0027_5574925d.pbm "'s"
db_0062_5574925e.pbm b
db_0077_5574925f.pbm w
db_0076_55749261.pbm v
db_0077_55749262.pbm w
db_0027_55749264.pbm "'v"
db_0070_55749266.pbm p
db_0068_55749267.pbm h
db_0068_55749269.pbm h
db_004d_5574926b.pbm M
db_007a_5574926e.pbm z
db_0052_55749270.pbm R
db_006a_55749273.pbm j
db_0077_55749276.pbm w
db_0062_55749278.pbm b
db_0062_55749279.pbm b
db_0027_5574927c.pbm "'d"
db_0027_5574927f.pbm "'t"
db_0070_55749281.pbm p
db_0027_55749284.pbm "'r"
db_0072_55749287.pbm r
db_0048_55749289.pbm H
db_0057_557d047c.pbm "Wa"
db_00c3_557d0486.pbm "üte"
db_0066_557d0547.pbm "ff'"
db_005f_557d0616.pbm 005f
db_005f_557d0617.pbm 005f
db_005f_557d0619.pbm 005f
db_005f_557d0619.pbm 005f
db_005f_557d061a.pbm 005f
db_005f_557d061b.pbm 005f
db_005f_557d061c.pbm 005f
db_005f_557d061d.pbm 005f
db_0077_557d08ee.pbm "wt"
db_003a_55863f5e.pbm 003a
db_005f_55863f6c.pbm 005f
db_005f_55863f6e.pbm 005f
db_005f_55863f70.pbm 005f
db_005f_55863f71.pbm 005f
db_005f_55863f72.pbm 005f
db_005f_55863f74.pbm 005f
db_005f_55863f74.pbm 005f
db_005f_55863f75.pbm 005f
db_0027_55863ff4.pbm "'i"
db_0072_55863ffe.pbm "rf"
db_0027_55864004.pbm "',"
db_0027_55864009.pbm "'h"
db_0027_5586dd24.pbm "'t"
db_005d_55abbded.pbm 005d
db_005f_55abbdff.pbm 005f
db_005f_55abbe01.pbm 005f
db_005f_55abbe03.pbm 005f
db_005f_55abbe04.pbm 005f
db_005f_55abbe05.pbm 005f
db_005f_55abbe05.pbm 005f
db_005f_55abbe06.pbm 005f
db_005f_55abbe07.pbm 005f
db_005f_55abbe08.pbm 005f
db_005f_55abbe09.pbm 005f
db_005f_55abbe09.pbm 005f
db_005f_55abbe0a.pbm 005f
db_005f_55abbe0b.pbm 005f
db_005f_55abbe0c.pbm 005f
db_005f_55abbe0d.pbm 005f
db_005f_55abbe0e.pbm 005f
db_005f_55abbe0f.pbm 005f
db_005f_55abbe10.pbm 005f
db_005f_55abbe11.pbm 005f
db_005f_55abbe12.pbm 005f
db_005f_55abbe12.pbm 005f
db_005f_55abbe13.pbm 005f
db_005f_55abbe14.pbm 005f
db_005f_55abbe15.pbm 005f
db_005f_55abbe15.pbm 005f
db_005f_55abbe16.pbm 005f
db_005f_55abbe17.pbm 005f
db_005f_55abbe18.pbm 005f
db_005f_55abbe18.pbm 005f
db_005f_55abbe19.pbm 005f
db_005f_55abbe1a.pbm 005f
db_005f_55abbe1e.pbm 005f
db_005f_55abbe1f.pbm 005f
db_005f_55abbe20.pbm 005f
db_005f_55abbe21.pbm 005f
db_005f_55abbe21.pbm 005f
db_005f_55abbe22.pbm 005f
db_005f_55abbe24.pbm 005f
db_005f_55abbe25.pbm 005f
db_005f_55abbe26.pbm 005f
db_005f_55abbe26.pbm 005f
db_005f_55abbe27.pbm 005f
db_005f_55abbe28.pbm 005f
db_005f_55abbe29.pbm 005f
db_005f_55abbe2a.pbm 005f
db_005f_55abbe2a.pbm 005f
db_005f_55abbe2b.pbm 005f
db_005f_55abbe2c.pbm 005f
db_005f_55abbe2d.pbm 005f
db_005f_55abbe2e.pbm 005f
db_005f_55abbe2f.pbm 005f
db_005f_55abbe30.pbm 005f
db_005f_55abbe31.pbm 005f
db_005f_55abbe31.pbm 005f
db_005f_55abbe32.pbm 005f
db_005f_55abbe33.pbm 005f
db_005f_55abbe33.pbm 005f
db_005f_55abbe34.pbm 005f
db_005f_55abbe35.pbm 005f
db_005f_55abbe36.pbm 005f
db_005f_55abbe37.pbm 005f
db_005f_55abbe38.pbm 005f
db_005f_55abbe39.pbm 005f
db_005f_55abbe3a.pbm 005f
db_005f_55abbe3a.pbm 005f
db_005f_55abbe3b.pbm 005f
db_005f_55abbe3c.pbm 005f
db_005f_55abbe3d.pbm 005f
db_005f_55abbe3e.pbm 005f
db_005f_55abbe3f.pbm 005f
db_005f_55abbe3f.pbm 005f
db_005f_55abbe40.pbm 005f
db_005f_55abbe41.pbm 005f
db_005f_55abbe42.pbm 005f
db_005f_55abbe42.pbm 005f
db_005f_55abbe43.pbm 005f
db_005f_55abbe44.pbm 005f
db_005f_55abbe45.pbm 005f
db_005f_55abbe45.pbm 005f
db_005f_55abbe46.pbm 005f
db_005f_55abbe47.pbm 005f
db_005f_55abbe48.pbm 005f
db_005f_55abbe49.pbm 005f
db_005f_55abbe49.pbm 005f
db_005f_55abbe4a.pbm 005f
db_005f_55abbe4b.pbm 005f
db_005f_55abbe4b.pbm 005f
db_005f_55abbe4c.pbm 005f
db_005f_55abbe4d.pbm 005f
db_005f_55abbe4d.pbm 005f
db_005f_55abbe4e.pbm 005f
db_005f_55abbe4f.pbm 005f
db_005f_55abbe50.pbm 005f
db_0072_55abbe6a.pbm "rf"
db_0072_55abbe6c.pbm "rt"
db_0072_55abbe77.pbm "rw"
db_0070_55abbe84.pbm p
db_00e7_55ac572d.pbm 00e7
db_00e6_55ac5734.pbm 00e6
db_0027_55ac5738.pbm "'i"
db_0027_55ac574f.pbm "'y"
db_00a1_55ac57c4.pbm 00a1
db_0021_55ac57d8.pbm 0021
db_006b_55ac5828.pbm "kt"
db_00bb_55ac582c.pbm 00bb
db_00ab_55ac582e.pbm 00ab
db_006b_55ac5833.pbm "kf"
db_0027_55ac583c.pbm "'n"
db_00e6_55ac58fe.pbm 00e6
db_002c_55ac5906.pbm 002c
db_0027_55ac5a07.pbm "'y"
db_0054_55ac5a97.pbm "Ti"
db_00e9_55da0e70.pbm 00e9
db_0049_55da1265.pbm I
db_00e7_55da126e.pbm 00e7
db_0072_588802f3.pbm "rt"
